

***********************************************************************
Fatal NI connect error 12560, connecting to:
 (DESCRIPTION=(CONNECT_DATA=(SERVICE_NAME=peldb)(CID=(PROGRAM=httpd)(HOST=ipc-billingapi)(USER=apache)))(ADDRESS=(PROTOCOL=TCP)(HOST=124.81.96.67)(PORT=1521)))

  VERSION INFORMATION:
	TNS for Linux: Version 10.2.0.5.0 - Production
	TCP/IP NT Protocol Adapter for Linux: Version 10.2.0.5.0 - Production
  Time: 20-JAN-2015 18:11:56
  Tracing not turned on.
  Tns error struct:
    ns main err code: 12560
    TNS-12560: Message 12560 not found; No message file for product=network, facility=TNS
    ns secondary err code: 0
    nt main err code: 530
    TNS-00530: Message 530 not found; No message file for product=network, facility=TNS
    nt secondary err code: 113


***********************************************************************
Fatal NI connect error 12560, connecting to:
 (DESCRIPTION=(CONNECT_DATA=(SERVICE_NAME=peldb)(CID=(PROGRAM=httpd)(HOST=ipc-billingapi)(USER=apache)))(ADDRESS=(PROTOCOL=TCP)(HOST=124.81.96.67)(PORT=1521)))

  VERSION INFORMATION:
	TNS for Linux: Version 10.2.0.5.0 - Production
	TCP/IP NT Protocol Adapter for Linux: Version 10.2.0.5.0 - Production
  Time: 20-JAN-2015 18:12:01
  Tracing not turned on.
  Tns error struct:
    ns main err code: 12560
    TNS-12560: Message 12560 not found; No message file for product=network, facility=TNS
    ns secondary err code: 0
    nt main err code: 530
    TNS-00530: Message 530 not found; No message file for product=network, facility=TNS
    nt secondary err code: 113
    nt OS err code: 0


***********************************************************************
Fatal NI connect error 12560, connecting to:
 (DESCRIPTION=(CONNECT_DATA=(SERVICE_NAME=peldb)(CID=(PROGRAM=httpd)(HOST=ipc-billingapi)(USER=apache)))(ADDRESS=(PROTOCOL=TCP)(HOST=124.81.96.67)(PORT=1521)))

  VERSION INFORMATION:
	TNS for Linux: Version 10.2.0.5.0 - Production
	TCP/IP NT Protocol Adapter for Linux: Version 10.2.0.5.0 - Production
  Time: 21-JAN-2015 14:54:27
  Tracing not turned on.
  Tns error struct:
    ns main err code: 12560
    TNS-12560: Message 12560 not found; No message file for product=network, facility=TNS
    ns secondary err code: 0
    nt main err code: 530
    TNS-00530: Message 530 not found; No message file for product=network, facility=TNS
    nt secondary err code: 113


***********************************************************************
Fatal NI connect error 12560, connecting to:
 (DESCRIPTION=(CONNECT_DATA=(SERVICE_NAME=peldb)(CID=(PROGRAM=httpd)(HOST=ipc-billingapi)(USER=apache)))(ADDRESS=(PROTOCOL=TCP)(HOST=124.81.96.67)(PORT=1521)))

  VERSION INFORMATION:
	TNS for Linux: Version 10.2.0.5.0 - Production
	TCP/IP NT Protocol Adapter for Linux: Version 10.2.0.5.0 - Production
  Time: 21-JAN-2015 14:54:34
  Tracing not turned on.
  Tns error struct:
    ns main err code: 12560
    TNS-12560: Message 12560 not found; No message file for product=network, facility=TNS
    ns secondary err code: 0
    nt main err code: 530
    TNS-00530: Message 530 not found; No message file for product=network, facility=TNS
    nt secondary err code: 113


***********************************************************************
Fatal NI connect error 12560, connecting to:
 (DESCRIPTION=(CONNECT_DATA=(SERVICE_NAME=peldb)(CID=(PROGRAM=httpd)(HOST=ipc-billingapi)(USER=apache)))(ADDRESS=(PROTOCOL=TCP)(HOST=124.81.96.67)(PORT=1521)))

  VERSION INFORMATION:
	TNS for Linux: Version 10.2.0.5.0 - Production
	TCP/IP NT Protocol Adapter for Linux: Version 10.2.0.5.0 - Production
  Time: 21-JAN-2015 14:54:38
  Tracing not turned on.
  Tns error struct:
    ns main err code: 12560
    TNS-12560: Message 12560 not found; No message file for product=network, facility=TNS
    ns secondary err code: 0
    nt main err code: 530
    TNS-00530: Message 530 not found; No message file for product=network, facility=TNS
    nt secondary err code: 113
    nt OS err code: 0


***********************************************************************
Fatal NI connect error 12560, connecting to:
 (DESCRIPTION=(CONNECT_DATA=(SERVICE_NAME=peldb)(CID=(PROGRAM=httpd)(HOST=ipc-billingapi)(USER=apache)))(ADDRESS=(PROTOCOL=TCP)(HOST=124.81.96.67)(PORT=1521)))

  VERSION INFORMATION:
	TNS for Linux: Version 10.2.0.5.0 - Production
	TCP/IP NT Protocol Adapter for Linux: Version 10.2.0.5.0 - Production
  Time: 21-JAN-2015 14:54:41
  Tracing not turned on.
  Tns error struct:
    ns main err code: 12560
    TNS-12560: Message 12560 not found; No message file for product=network, facility=TNS
    ns secondary err code: 0
    nt main err code: 530
    TNS-00530: Message 530 not found; No message file for product=network, facility=TNS
    nt secondary err code: 113


***********************************************************************
Fatal NI connect error 12560, connecting to:
 (DESCRIPTION=(CONNECT_DATA=(SERVICE_NAME=peldb)(CID=(PROGRAM=httpd)(HOST=ipc-billingapi)(USER=apache)))(ADDRESS=(PROTOCOL=TCP)(HOST=124.81.96.67)(PORT=1521)))

  VERSION INFORMATION:
	TNS for Linux: Version 10.2.0.5.0 - Production
	TCP/IP NT Protocol Adapter for Linux: Version 10.2.0.5.0 - Production
  Time: 21-JAN-2015 14:54:44
  Tracing not turned on.
  Tns error struct:
    ns main err code: 12560
    TNS-12560: Message 12560 not found; No message file for product=network, facility=TNS
    ns secondary err code: 0
    nt main err code: 530
    TNS-00530: Message 530 not found; No message file for product=network, facility=TNS
    nt secondary err code: 113
    nt OS err code: 0


***********************************************************************
Fatal NI connect error 12560, connecting to:
 (DESCRIPTION=(CONNECT_DATA=(SERVICE_NAME=peldb)(CID=(PROGRAM=httpd)(HOST=ipc-billingapi)(USER=apache)))(ADDRESS=(PROTOCOL=TCP)(HOST=124.81.96.67)(PORT=1521)))

  VERSION INFORMATION:
	TNS for Linux: Version 10.2.0.5.0 - Production
	TCP/IP NT Protocol Adapter for Linux: Version 10.2.0.5.0 - Production
  Time: 21-JAN-2015 16:14:54
  Tracing not turned on.
  Tns error struct:
    ns main err code: 12560
    TNS-12560: Message 12560 not found; No message file for product=network, facility=TNS
    ns secondary err code: 0
    nt main err code: 530
    TNS-00530: Message 530 not found; No message file for product=network, facility=TNS
    nt secondary err code: 113
    nt OS err code: 0


***********************************************************************
Fatal NI connect error 12560, connecting to:
 (DESCRIPTION=(CONNECT_DATA=(SERVICE_NAME=peldb)(CID=(PROGRAM=httpd)(HOST=ipc-billingapi)(USER=apache)))(ADDRESS=(PROTOCOL=TCP)(HOST=124.81.96.67)(PORT=1521)))

  VERSION INFORMATION:
	TNS for Linux: Version 10.2.0.5.0 - Production
	TCP/IP NT Protocol Adapter for Linux: Version 10.2.0.5.0 - Production
  Time: 22-JAN-2015 09:52:13
  Tracing not turned on.
  Tns error struct:
    ns main err code: 12560
    TNS-12560: Message 12560 not found; No message file for product=network, facility=TNS
    ns secondary err code: 0
    nt main err code: 530
    TNS-00530: Message 530 not found; No message file for product=network, facility=TNS
    nt secondary err code: 113
    nt OS err code: 0


***********************************************************************
Fatal NI connect error 12560, connecting to:
 (DESCRIPTION=(CONNECT_DATA=(SERVICE_NAME=peldb)(CID=(PROGRAM=httpd)(HOST=ipc-billingapi)(USER=apache)))(ADDRESS=(PROTOCOL=TCP)(HOST=124.81.96.67)(PORT=1521)))

  VERSION INFORMATION:
	TNS for Linux: Version 10.2.0.5.0 - Production
	TCP/IP NT Protocol Adapter for Linux: Version 10.2.0.5.0 - Production
  Time: 22-JAN-2015 10:41:10
  Tracing not turned on.
  Tns error struct:
    ns main err code: 12560
    TNS-12560: Message 12560 not found; No message file for product=network, facility=TNS
    ns secondary err code: 0
    nt main err code: 530
    TNS-00530: Message 530 not found; No message file for product=network, facility=TNS
    nt secondary err code: 113
    nt OS err code: 0


***********************************************************************
Fatal NI connect error 12560, connecting to:
 (DESCRIPTION=(CONNECT_DATA=(SERVICE_NAME=peldb)(CID=(PROGRAM=httpd)(HOST=ipc-billingapi)(USER=apache)))(ADDRESS=(PROTOCOL=TCP)(HOST=124.81.96.67)(PORT=1521)))

  VERSION INFORMATION:
	TNS for Linux: Version 10.2.0.5.0 - Production
	TCP/IP NT Protocol Adapter for Linux: Version 10.2.0.5.0 - Production
  Time: 22-JAN-2015 12:45:57
  Tracing not turned on.
  Tns error struct:
    ns main err code: 12560
    TNS-12560: Message 12560 not found; No message file for product=network, facility=TNS
    ns secondary err code: 0
    nt main err code: 530
    TNS-00530: Message 530 not found; No message file for product=network, facility=TNS
    nt secondary err code: 113
    nt OS err code: 0


***********************************************************************
Fatal NI connect error 12560, connecting to:
 (DESCRIPTION=(CONNECT_DATA=(SERVICE_NAME=peldb)(CID=(PROGRAM=httpd)(HOST=ipc-billingapi)(USER=apache)))(ADDRESS=(PROTOCOL=TCP)(HOST=124.81.96.67)(PORT=1521)))

  VERSION INFORMATION:
	TNS for Linux: Version 10.2.0.5.0 - Production
	TCP/IP NT Protocol Adapter for Linux: Version 10.2.0.5.0 - Production
  Time: 22-JAN-2015 13:28:30
  Tracing not turned on.
  Tns error struct:
    ns main err code: 12560
    TNS-12560: Message 12560 not found; No message file for product=network, facility=TNS
    ns secondary err code: 0
    nt main err code: 530
    TNS-00530: Message 530 not found; No message file for product=network, facility=TNS
    nt secondary err code: 113
    nt OS err code: 0


***********************************************************************
Fatal NI connect error 12170.

  VERSION INFORMATION:
	TNS for Linux: Version 10.2.0.5.0 - Production
	TCP/IP NT Protocol Adapter for Linux: Version 10.2.0.5.0 - Production
  Time: 22-JAN-2015 15:06:43
  Tracing not turned on.
  Tns error struct:
    ns main err code: 12535
    TNS-12535: Message 12535 not found; No message file for product=network, facility=TNS
    ns secondary err code: 12560
    nt main err code: 505
    TNS-00505: Message 505 not found; No message file for product=network, facility=TNS
    nt secondary err code: 110
    nt OS err code: 0
    nt OS err code: 0
  Client address: (ADDRESS=(PROTOCOL=tcp)(HOST=103.19.80.232)(PORT=9521))
    nt OS err code: 0
    nt OS err code: 0
    nt OS err code: 0
